Using pre-set license
Built from '2020.3/staging' branch; Version is '2020.3.22f1 (e1a7f79fd887) revision 14788599'; Using compiler version '192528614'; Build Type 'Release'
OS: 'Windows 10 Pro; OS build 19042.1288; Version 2009; 64bit' Language: 'es' Physical Memory: 15741 MB
BatchMode: 1, IsHumanControllingUs: 0, StartBugReporterOnCrash: 0, Is64bit: 1, IsPro: 0

COMMAND LINE ARGUMENTS:
C:\Program Files\Unity\Hub\Editor\2020.3.22f1\Editor\Unity.exe
-adb2
-batchMode
-noUpm
-name
AssetImportWorker0
-projectPath
C:/Users/David Gonzalez/Platforms2D
-logFile
Logs/AssetImportWorker0.log
-srvPort
58494
Successfully changed project path to: C:/Users/David Gonzalez/Platforms2D
C:/Users/David Gonzalez/Platforms2D
Using Asset Import Pipeline V2.
Refreshing native plugins compatible for Editor in 43.12 ms, found 3 plugins.
Preloading 0 native plugins for Editor in 0.00 ms.
Initialize engine version: 2020.3.22f1 (e1a7f79fd887)
[Subsystems] Discovering subsystems at path C:/Program Files/Unity/Hub/Editor/2020.3.22f1/Editor/Data/Resources/UnitySubsystems
[Subsystems] Discovering subsystems at path C:/Users/David Gonzalez/Platforms2D/Assets
GfxDevice: creating device client; threaded=0
Direct3D:
    Version:  Direct3D 11.0 [level 11.1]
    Renderer: NVIDIA GeForce GTX 1650 (ID=0x1f99)
    Vendor:   
    VRAM:     3962 MB
    Driver:   27.21.14.5749
Initialize mono
Mono path[0] = 'C:/Program Files/Unity/Hub/Editor/2020.3.22f1/Editor/Data/Managed'
Mono path[1] = 'C:/Program Files/Unity/Hub/Editor/2020.3.22f1/Editor/Data/MonoBleedingEdge/lib/mono/unityjit'
Mono config path = 'C:/Program Files/Unity/Hub/Editor/2020.3.22f1/Editor/Data/MonoBleedingEdge/etc'
Using monoOptions --debugger-agent=transport=dt_socket,embedding=1,server=y,suspend=n,address=127.0.0.1:56608
Begin MonoManager ReloadAssembly
Registering precompiled unity dll's ...
Register platform support module: C:/Program Files/Unity/Hub/Editor/2020.3.22f1/Editor/Data/PlaybackEngines/WindowsStandaloneSupport/UnityEditor.WindowsStandalone.Extensions.dll
Registered in 0.001788 seconds.
Native extension for WindowsStandalone target not found
Refreshing native plugins compatible for Editor in 42.86 ms, found 3 plugins.
Preloading 0 native plugins for Editor in 0.00 ms.
Mono: successfully reloaded assembly
- Completed reload, in  0.879 seconds
Domain Reload Profiling:
	ReloadAssembly (879ms)
		BeginReloadAssembly (50ms)
			ExecutionOrderSort (0ms)
			DisableScriptedObjects (0ms)
			BackupInstance (0ms)
			ReleaseScriptingObjects (0ms)
			CreateAndSetChildDomain (1ms)
		EndReloadAssembly (388ms)
			LoadAssemblies (48ms)
			RebuildTransferFunctionScriptingTraits (0ms)
			SetupTypeCache (127ms)
			ReleaseScriptCaches (0ms)
			RebuildScriptCaches (30ms)
			SetupLoadedEditorAssemblies (155ms)
				LogAssemblyErrors (0ms)
				InitializePlatformSupportModulesInManaged (4ms)
				SetLoadedEditorAssemblies (0ms)
				RefreshPlugins (43ms)
				BeforeProcessingInitializeOnLoad (11ms)
				ProcessInitializeOnLoadAttributes (72ms)
				ProcessInitializeOnLoadMethodAttributes (26ms)
				AfterProcessingInitializeOnLoad (0ms)
				EditorAssembliesLoaded (0ms)
			ExecutionOrderSort2 (0ms)
			AwakeInstancesAfterBackupRestoration (0ms)
Platform modules already initialized, skipping
Registering precompiled user dll's ...
Registered in 0.004430 seconds.
Begin MonoManager ReloadAssembly
Native extension for WindowsStandalone target not found
Refreshing native plugins compatible for Editor in 41.56 ms, found 3 plugins.
Preloading 0 native plugins for Editor in 0.00 ms.
Mono: successfully reloaded assembly
- Completed reload, in  0.985 seconds
Domain Reload Profiling:
	ReloadAssembly (986ms)
		BeginReloadAssembly (129ms)
			ExecutionOrderSort (0ms)
			DisableScriptedObjects (4ms)
			BackupInstance (0ms)
			ReleaseScriptingObjects (0ms)
			CreateAndSetChildDomain (17ms)
		EndReloadAssembly (801ms)
			LoadAssemblies (84ms)
			RebuildTransferFunctionScriptingTraits (0ms)
			SetupTypeCache (256ms)
			ReleaseScriptCaches (1ms)
			RebuildScriptCaches (43ms)
			SetupLoadedEditorAssemblies (317ms)
				LogAssemblyErrors (0ms)
				InitializePlatformSupportModulesInManaged (4ms)
				SetLoadedEditorAssemblies (0ms)
				RefreshPlugins (42ms)
				BeforeProcessingInitializeOnLoad (68ms)
				ProcessInitializeOnLoadAttributes (181ms)
				ProcessInitializeOnLoadMethodAttributes (17ms)
				AfterProcessingInitializeOnLoad (6ms)
				EditorAssembliesLoaded (0ms)
			ExecutionOrderSort2 (0ms)
			AwakeInstancesAfterBackupRestoration (6ms)
Platform modules already initialized, skipping
========================================================================
Worker process is ready to serve import requests
Launched and connected shader compiler UnityShaderCompiler.exe after 0.05 seconds
Refreshing native plugins compatible for Editor in 0.50 ms, found 3 plugins.
Preloading 0 native plugins for Editor in 0.00 ms.
Unloading 2185 Unused Serialized files (Serialized files now loaded: 0)
System memory in use before: 95.5 MB.
System memory in use after: 95.6 MB.

Unloading 28 unused Assets to reduce memory usage. Loaded Objects now: 2618.
Total: 3.337700 ms (FindLiveObjects: 0.267500 ms CreateObjectMapping: 0.087000 ms MarkObjects: 2.911400 ms  DeleteObjects: 0.070100 ms)

AssetImportParameters requested are different than current active one (requested -> active):
  custom:framework-win-MediaFoundation: 216162199b28c13a410421893ffa2e32 -> 
  custom:video-decoder-ogg-theora: a1e56fd34408186e4bbccfd4996cb3dc -> 
  custom:container-muxer-webm: aa71ff27fc2769a1b78a27578f13a17b -> 
  custom:container-demuxer-webm: 4f35f7cbe854078d1ac9338744f61a02 -> 
  custom:container-demuxer-ogg: 62fdf1f143b41e24485cea50d1cbac27 -> 
  custom:video-encoder-webm-vp8: eb34c28f22e8b96e1ab97ce403110664 -> 
  custom:video-decoder-webm-vp8: 9c59270c3fd7afecdb556c50c9e8de78 -> 
  custom:audio-decoder-ogg-vorbis: bf7c407c2cedff20999df2af8eb42d56 -> 
  custom:audio-encoder-webm-vorbis: bf7c407c2cedff20999df2af8eb42d56 -> 
========================================================================
Received Import Request.
  path: Assets/Pixel Adventure 1/Assets/Traps/Falling Platforms
  artifactKey: Guid(c519c195ec270044c9c3d799794dcf19) Importer(815301076,1909f56bfc062723c751e8b465ee728b)
Start importing Assets/Pixel Adventure 1/Assets/Traps/Falling Platforms using Guid(c519c195ec270044c9c3d799794dcf19) Importer(815301076,1909f56bfc062723c751e8b465ee728b)  -> (artifact id: 'bcfe0e9db7418468bfe89ee5657e9dce') in 0.004780 seconds 
  Import took 0.007793 seconds .

========================================================================
Received Import Request.
  Time since last request: 0.000321 seconds.
  path: Assets/Pixel Adventure 1/Assets/Traps/Falling Platforms/On (32x10).png
  artifactKey: Guid(a8be9d80391091641bb9404b3f4dd067) Importer(815301076,1909f56bfc062723c751e8b465ee728b)
Start importing Assets/Pixel Adventure 1/Assets/Traps/Falling Platforms/On (32x10).png using Guid(a8be9d80391091641bb9404b3f4dd067) Importer(815301076,1909f56bfc062723c751e8b465ee728b)  -> (artifact id: '0df9a7269f44b7e49194b24da7af7deb') in 0.129971 seconds 
  Import took 0.132901 seconds .

========================================================================
Received Import Request.
  Time since last request: 0.000281 seconds.
  path: Assets/Pixel Adventure 1/Assets/Traps/Falling Platforms/Off.png
  artifactKey: Guid(99329b87c11d1ee4f8d328e269a7073b) Importer(815301076,1909f56bfc062723c751e8b465ee728b)
Start importing Assets/Pixel Adventure 1/Assets/Traps/Falling Platforms/Off.png using Guid(99329b87c11d1ee4f8d328e269a7073b) Importer(815301076,1909f56bfc062723c751e8b465ee728b)  -> (artifact id: '495a36ed35fb1cb37b97b3f2b64950b5') in 0.010306 seconds 
  Import took 0.013533 seconds .

========================================================================
Received Import Request.
  Time since last request: 0.138171 seconds.
  path: Assets/Pixel Adventure 1/Assets/Traps/Fan
  artifactKey: Guid(b34932b9bd7a4ec41943752049913e18) Importer(815301076,1909f56bfc062723c751e8b465ee728b)
Start importing Assets/Pixel Adventure 1/Assets/Traps/Fan using Guid(b34932b9bd7a4ec41943752049913e18) Importer(815301076,1909f56bfc062723c751e8b465ee728b)  -> (artifact id: '3c29fd3027657cf923f4fa48cd4c34eb') in 0.002163 seconds 
  Import took 0.005353 seconds .

========================================================================
Received Import Request.
  Time since last request: 0.083919 seconds.
  path: Assets/Pixel Adventure 1/Assets/Traps/Fan/Off.png
  artifactKey: Guid(1f268b33cadc6104287b8111b824e1e8) Importer(815301076,1909f56bfc062723c751e8b465ee728b)
Start importing Assets/Pixel Adventure 1/Assets/Traps/Fan/Off.png using Guid(1f268b33cadc6104287b8111b824e1e8) Importer(815301076,1909f56bfc062723c751e8b465ee728b)  -> (artifact id: 'bb3b6f2e2a97230557f2d49c4dfb8a75') in 0.010454 seconds 
  Import took 0.014462 seconds .

========================================================================
Received Import Request.
  Time since last request: 0.000348 seconds.
  path: Assets/Pixel Adventure 1/Assets/Traps/Fan/On (24x8).png
  artifactKey: Guid(7c645aea6faf2564aa5917bd4ca765ea) Importer(815301076,1909f56bfc062723c751e8b465ee728b)
Start importing Assets/Pixel Adventure 1/Assets/Traps/Fan/On (24x8).png using Guid(7c645aea6faf2564aa5917bd4ca765ea) Importer(815301076,1909f56bfc062723c751e8b465ee728b)  -> (artifact id: '686a358d721189183b085f5082b6c255') in 0.020744 seconds 
  Import took 0.023684 seconds .

========================================================================
Received Import Request.
  Time since last request: 6.202918 seconds.
  path: Assets/Pixel Adventure 1/Assets/Traps/Fire
  artifactKey: Guid(7d7dd00dcc064364db17baea898f60ed) Importer(815301076,1909f56bfc062723c751e8b465ee728b)
Start importing Assets/Pixel Adventure 1/Assets/Traps/Fire using Guid(7d7dd00dcc064364db17baea898f60ed) Importer(815301076,1909f56bfc062723c751e8b465ee728b)  -> (artifact id: '89335a4d3290f257ced9203b6f23515f') in 0.001816 seconds 
  Import took 0.005240 seconds .

========================================================================
Received Import Request.
  Time since last request: 0.084101 seconds.
  path: Assets/Pixel Adventure 1/Assets/Traps/Fire/Hit (16x32).png
  artifactKey: Guid(573c22279c1eb734696548dfba41d021) Importer(815301076,1909f56bfc062723c751e8b465ee728b)
Start importing Assets/Pixel Adventure 1/Assets/Traps/Fire/Hit (16x32).png using Guid(573c22279c1eb734696548dfba41d021) Importer(815301076,1909f56bfc062723c751e8b465ee728b)  -> (artifact id: '4928b3b6a0da47664f4c00f33f332f7c') in 0.018752 seconds 
  Import took 0.022523 seconds .

========================================================================
Received Import Request.
  Time since last request: 0.000335 seconds.
  path: Assets/Pixel Adventure 1/Assets/Traps/Fire/Off.png
  artifactKey: Guid(84b0d89aa2c8bfb4c8c1d378fa972fbd) Importer(815301076,1909f56bfc062723c751e8b465ee728b)
Start importing Assets/Pixel Adventure 1/Assets/Traps/Fire/Off.png using Guid(84b0d89aa2c8bfb4c8c1d378fa972fbd) Importer(815301076,1909f56bfc062723c751e8b465ee728b)  -> (artifact id: 'a3e488cb92891951f5713f6e65ee03d4') in 0.011491 seconds 
  Import took 0.015033 seconds .

========================================================================
Received Import Request.
  Time since last request: 0.000275 seconds.
  path: Assets/Pixel Adventure 1/Assets/Traps/Fire/On (16x32).png
  artifactKey: Guid(3c112a44cc7dc7a468f4d132c2e7611c) Importer(815301076,1909f56bfc062723c751e8b465ee728b)
Start importing Assets/Pixel Adventure 1/Assets/Traps/Fire/On (16x32).png using Guid(3c112a44cc7dc7a468f4d132c2e7611c) Importer(815301076,1909f56bfc062723c751e8b465ee728b)  -> (artifact id: 'db1bca73690fc40030aec05dabda804a') in 0.021300 seconds 
  Import took 0.024445 seconds .

========================================================================
Received Import Request.
  Time since last request: 2.928022 seconds.
  path: Assets/Pixel Adventure 1/Assets/Traps/Platforms
  artifactKey: Guid(1130458c4f2bec34b80fdf3fc00861b9) Importer(815301076,1909f56bfc062723c751e8b465ee728b)
Start importing Assets/Pixel Adventure 1/Assets/Traps/Platforms using Guid(1130458c4f2bec34b80fdf3fc00861b9) Importer(815301076,1909f56bfc062723c751e8b465ee728b)  -> (artifact id: 'c8bb78c0dc72b25f181434acce31fc8c') in 0.002089 seconds 
  Import took 0.005457 seconds .

========================================================================
Received Import Request.
  Time since last request: 0.065386 seconds.
  path: Assets/Pixel Adventure 1/Assets/Traps/Platforms/Brown Off.png
  artifactKey: Guid(2cebb83e3d9b5b247be3eb722143beb7) Importer(815301076,1909f56bfc062723c751e8b465ee728b)
Start importing Assets/Pixel Adventure 1/Assets/Traps/Platforms/Brown Off.png using Guid(2cebb83e3d9b5b247be3eb722143beb7) Importer(815301076,1909f56bfc062723c751e8b465ee728b)  -> (artifact id: '28fa2572dff15a22588afbac09f621c8') in 0.010652 seconds 
  Import took 0.013974 seconds .

========================================================================
Received Import Request.
  Time since last request: 0.000394 seconds.
  path: Assets/Pixel Adventure 1/Assets/Traps/Platforms/Grey On (32x8).png
  artifactKey: Guid(7e73d0165dccc3745b6d9f293e19161c) Importer(815301076,1909f56bfc062723c751e8b465ee728b)
Start importing Assets/Pixel Adventure 1/Assets/Traps/Platforms/Grey On (32x8).png using Guid(7e73d0165dccc3745b6d9f293e19161c) Importer(815301076,1909f56bfc062723c751e8b465ee728b)  -> (artifact id: '493513a768ea36ee7d9b2c2bbef9d4e8') in 0.034383 seconds 
  Import took 0.037475 seconds .

========================================================================
Received Import Request.
  Time since last request: 0.000264 seconds.
  path: Assets/Pixel Adventure 1/Assets/Traps/Platforms/Grey Off.png
  artifactKey: Guid(19602dbd991e72f4c8df688afa341f3d) Importer(815301076,1909f56bfc062723c751e8b465ee728b)
Start importing Assets/Pixel Adventure 1/Assets/Traps/Platforms/Grey Off.png using Guid(19602dbd991e72f4c8df688afa341f3d) Importer(815301076,1909f56bfc062723c751e8b465ee728b)  -> (artifact id: '57bd72896ece59a7d4cabb141b5ebeb7') in 0.013721 seconds 
  Import took 0.016972 seconds .

========================================================================
Received Import Request.
  Time since last request: 0.000298 seconds.
  path: Assets/Pixel Adventure 1/Assets/Traps/Platforms/Chain.png
  artifactKey: Guid(d9c5a449db91d51488798b761c22fb97) Importer(815301076,1909f56bfc062723c751e8b465ee728b)
Start importing Assets/Pixel Adventure 1/Assets/Traps/Platforms/Chain.png using Guid(d9c5a449db91d51488798b761c22fb97) Importer(815301076,1909f56bfc062723c751e8b465ee728b)  -> (artifact id: '000c0f544398ec6293eac023dc8a7fec') in 0.010096 seconds 
  Import took 0.013711 seconds .

========================================================================
Received Import Request.
  Time since last request: 0.000270 seconds.
  path: Assets/Pixel Adventure 1/Assets/Traps/Platforms/Brown On (32x8).png
  artifactKey: Guid(e242b62e7e6caee439fa1d024a8fa5bb) Importer(815301076,1909f56bfc062723c751e8b465ee728b)
Start importing Assets/Pixel Adventure 1/Assets/Traps/Platforms/Brown On (32x8).png using Guid(e242b62e7e6caee439fa1d024a8fa5bb) Importer(815301076,1909f56bfc062723c751e8b465ee728b)  -> (artifact id: '8ca56decb9b62bf6d82890fce5c5e557') in 0.023899 seconds 
  Import took 0.027061 seconds .

========================================================================
Received Import Request.
  Time since last request: 4.822874 seconds.
  path: Assets/Pixel Adventure 1/Assets/Traps/Spike Head
  artifactKey: Guid(38d30b0f0a1730a44904666db2cb7cb3) Importer(815301076,1909f56bfc062723c751e8b465ee728b)
Start importing Assets/Pixel Adventure 1/Assets/Traps/Spike Head using Guid(38d30b0f0a1730a44904666db2cb7cb3) Importer(815301076,1909f56bfc062723c751e8b465ee728b)  -> (artifact id: '9e2b166ad5d98a2e7247a398577a1a0a') in 0.001794 seconds 
  Import took 0.005718 seconds .

========================================================================
Received Import Request.
  Time since last request: 1.506084 seconds.
  path: Assets/Pixel Adventure 1/Assets/Traps/Spike Head/Blink (54x52).png
  artifactKey: Guid(6ed38972fd0f4024c91aca33394d3cdd) Importer(815301076,1909f56bfc062723c751e8b465ee728b)
Start importing Assets/Pixel Adventure 1/Assets/Traps/Spike Head/Blink (54x52).png using Guid(6ed38972fd0f4024c91aca33394d3cdd) Importer(815301076,1909f56bfc062723c751e8b465ee728b)  -> (artifact id: 'ea7715a28727c4b949cc549ae03efa70') in 0.020926 seconds 
  Import took 0.024803 seconds .

========================================================================
Received Import Request.
  Time since last request: 0.000320 seconds.
  path: Assets/Pixel Adventure 1/Assets/Traps/Spike Head/Top Hit (54x52).png
  artifactKey: Guid(8123182af98fb8147a7d6e6bf458ba4b) Importer(815301076,1909f56bfc062723c751e8b465ee728b)
Start importing Assets/Pixel Adventure 1/Assets/Traps/Spike Head/Top Hit (54x52).png using Guid(8123182af98fb8147a7d6e6bf458ba4b) Importer(815301076,1909f56bfc062723c751e8b465ee728b)  -> (artifact id: '8fd173093c69fd05937aeb4f3ee5380a') in 0.025877 seconds 
  Import took 0.029013 seconds .

========================================================================
Received Import Request.
  Time since last request: 0.000289 seconds.
  path: Assets/Pixel Adventure 1/Assets/Traps/Spike Head/Bottom Hit (54x52).png
  artifactKey: Guid(d2223d6a7816d474b83187392732daf6) Importer(815301076,1909f56bfc062723c751e8b465ee728b)
Start importing Assets/Pixel Adventure 1/Assets/Traps/Spike Head/Bottom Hit (54x52).png using Guid(d2223d6a7816d474b83187392732daf6) Importer(815301076,1909f56bfc062723c751e8b465ee728b)  -> (artifact id: 'cfe143ce21b5c248c0f28f2c65a38e45') in 0.028354 seconds 
  Import took 0.031490 seconds .

========================================================================
Received Import Request.
  Time since last request: 0.000419 seconds.
  path: Assets/Pixel Adventure 1/Assets/Traps/Spike Head/Right Hit (54x52).png
  artifactKey: Guid(75b1a2f7cb6173c4d826963a35f18512) Importer(815301076,1909f56bfc062723c751e8b465ee728b)
Start importing Assets/Pixel Adventure 1/Assets/Traps/Spike Head/Right Hit (54x52).png using Guid(75b1a2f7cb6173c4d826963a35f18512) Importer(815301076,1909f56bfc062723c751e8b465ee728b)  -> (artifact id: '85b1ca4578bab4f308fae4fda16e2eff') in 0.023241 seconds 
  Import took 0.026778 seconds .

========================================================================
Received Import Request.
  Time since last request: 0.000407 seconds.
  path: Assets/Pixel Adventure 1/Assets/Traps/Spike Head/Left Hit (54x52).png
  artifactKey: Guid(680c4a3e214ba5b4d984cd56b1d49668) Importer(815301076,1909f56bfc062723c751e8b465ee728b)
Start importing Assets/Pixel Adventure 1/Assets/Traps/Spike Head/Left Hit (54x52).png using Guid(680c4a3e214ba5b4d984cd56b1d49668) Importer(815301076,1909f56bfc062723c751e8b465ee728b)  -> (artifact id: '70b54bfd6ad3479472eaa480843fdcf7') in 0.016615 seconds 
  Import took 0.020299 seconds .

========================================================================
Received Import Request.
  Time since last request: 0.000304 seconds.
  path: Assets/Pixel Adventure 1/Assets/Traps/Spike Head/Idle.png
  artifactKey: Guid(1508ab85aab80754fb0213cd79267961) Importer(815301076,1909f56bfc062723c751e8b465ee728b)
Start importing Assets/Pixel Adventure 1/Assets/Traps/Spike Head/Idle.png using Guid(1508ab85aab80754fb0213cd79267961) Importer(815301076,1909f56bfc062723c751e8b465ee728b)  -> (artifact id: '1e0ed9016c048f717d6261efe0c038f0') in 0.009541 seconds 
  Import took 0.012717 seconds .

========================================================================
Received Import Request.
  Time since last request: 2.777829 seconds.
  path: Assets/Pixel Adventure 1/Assets/Traps/Trampoline
  artifactKey: Guid(a434aef4a8c764c41a2fd855eeb579df) Importer(815301076,1909f56bfc062723c751e8b465ee728b)
Start importing Assets/Pixel Adventure 1/Assets/Traps/Trampoline using Guid(a434aef4a8c764c41a2fd855eeb579df) Importer(815301076,1909f56bfc062723c751e8b465ee728b)  -> (artifact id: 'cd56f04ff564adfff4a9cbaef08f0ab4') in 0.002015 seconds 
  Import took 0.005429 seconds .

========================================================================
Received Import Request.
  Time since last request: 0.047173 seconds.
  path: Assets/Pixel Adventure 1/Assets/Traps/Trampoline/Idle.png
  artifactKey: Guid(82025043983216e4dbc6a6805bc1d02e) Importer(815301076,1909f56bfc062723c751e8b465ee728b)
Start importing Assets/Pixel Adventure 1/Assets/Traps/Trampoline/Idle.png using Guid(82025043983216e4dbc6a6805bc1d02e) Importer(815301076,1909f56bfc062723c751e8b465ee728b)  -> (artifact id: 'b85de431ec5cc660a7bdae33edb655af') in 0.009095 seconds 
  Import took 0.012252 seconds .

========================================================================
Received Import Request.
  Time since last request: 0.000504 seconds.
  path: Assets/Pixel Adventure 1/Assets/Traps/Trampoline/Jump (28x28).png
  artifactKey: Guid(5f67602c85a27a847aed4d15b8e0339e) Importer(815301076,1909f56bfc062723c751e8b465ee728b)
Start importing Assets/Pixel Adventure 1/Assets/Traps/Trampoline/Jump (28x28).png using Guid(5f67602c85a27a847aed4d15b8e0339e) Importer(815301076,1909f56bfc062723c751e8b465ee728b)  -> (artifact id: 'd2e963aaa06d4658bdae9da782f68533') in 0.025178 seconds 
  Import took 0.028862 seconds .

========================================================================
Received Import Request.
  Time since last request: 2.616836 seconds.
  path: Assets/Pixel Adventure 1/Assets/Traps/Spikes
  artifactKey: Guid(1fd2c68c21079b748906c3da01195e68) Importer(815301076,1909f56bfc062723c751e8b465ee728b)
Start importing Assets/Pixel Adventure 1/Assets/Traps/Spikes using Guid(1fd2c68c21079b748906c3da01195e68) Importer(815301076,1909f56bfc062723c751e8b465ee728b)  -> (artifact id: '24e47ff77255a9708b009b7a06cbe6db') in 0.002024 seconds 
  Import took 0.005160 seconds .

========================================================================
Received Import Request.
  Time since last request: 0.045823 seconds.
  path: Assets/Pixel Adventure 1/Assets/Traps/Spikes/Idle.png
  artifactKey: Guid(da2176ef0629bfd42958a94b2bf225a4) Importer(815301076,1909f56bfc062723c751e8b465ee728b)
Start importing Assets/Pixel Adventure 1/Assets/Traps/Spikes/Idle.png using Guid(da2176ef0629bfd42958a94b2bf225a4) Importer(815301076,1909f56bfc062723c751e8b465ee728b)  -> (artifact id: 'e913b60710fdbc244b0a9403089427cf') in 0.011123 seconds 
  Import took 0.014916 seconds .

========================================================================
Received Import Request.
  Time since last request: 113.244366 seconds.
  path: Assets/Scripts/DamageObject.cs
  artifactKey: Guid(446abf0aaf8ce30488208a2d43a1469b) Importer(815301076,1909f56bfc062723c751e8b465ee728b)
Start importing Assets/Scripts/DamageObject.cs using Guid(446abf0aaf8ce30488208a2d43a1469b) Importer(815301076,1909f56bfc062723c751e8b465ee728b)  -> (artifact id: 'ec9d6cf9484ac5c7022e220a67161439') in 0.007176 seconds 
  Import took 0.010399 seconds .

========================================================================
Received Prepare
Registering precompiled user dll's ...
Registered in 0.004161 seconds.
Begin MonoManager ReloadAssembly
Native extension for WindowsStandalone target not found
Refreshing native plugins compatible for Editor in 0.52 ms, found 3 plugins.
Preloading 0 native plugins for Editor in 0.00 ms.
Mono: successfully reloaded assembly
- Completed reload, in  0.899 seconds
Domain Reload Profiling:
	ReloadAssembly (899ms)
		BeginReloadAssembly (109ms)
			ExecutionOrderSort (0ms)
			DisableScriptedObjects (8ms)
			BackupInstance (0ms)
			ReleaseScriptingObjects (0ms)
			CreateAndSetChildDomain (34ms)
		EndReloadAssembly (734ms)
			LoadAssemblies (81ms)
			RebuildTransferFunctionScriptingTraits (0ms)
			SetupTypeCache (245ms)
			ReleaseScriptCaches (1ms)
			RebuildScriptCaches (37ms)
			SetupLoadedEditorAssemblies (280ms)
				LogAssemblyErrors (0ms)
				InitializePlatformSupportModulesInManaged (5ms)
				SetLoadedEditorAssemblies (0ms)
				RefreshPlugins (1ms)
				BeforeProcessingInitializeOnLoad (79ms)
				ProcessInitializeOnLoadAttributes (178ms)
				ProcessInitializeOnLoadMethodAttributes (10ms)
				AfterProcessingInitializeOnLoad (6ms)
				EditorAssembliesLoaded (0ms)
			ExecutionOrderSort2 (0ms)
			AwakeInstancesAfterBackupRestoration (8ms)
Platform modules already initialized, skipping
Refreshing native plugins compatible for Editor in 0.51 ms, found 3 plugins.
Preloading 0 native plugins for Editor in 0.00 ms.
Unloading 2175 Unused Serialized files (Serialized files now loaded: 0)
System memory in use before: 97.9 MB.
System memory in use after: 98.0 MB.

Unloading 17 unused Assets to reduce memory usage. Loaded Objects now: 2648.
Total: 4.097500 ms (FindLiveObjects: 0.261600 ms CreateObjectMapping: 0.096900 ms MarkObjects: 3.713300 ms  DeleteObjects: 0.024000 ms)

AssetImportParameters requested are different than current active one (requested -> active):
  custom:framework-win-MediaFoundation: 216162199b28c13a410421893ffa2e32 -> 
  custom:video-decoder-ogg-theora: a1e56fd34408186e4bbccfd4996cb3dc -> 
  custom:container-muxer-webm: aa71ff27fc2769a1b78a27578f13a17b -> 
  custom:container-demuxer-webm: 4f35f7cbe854078d1ac9338744f61a02 -> 
  custom:container-demuxer-ogg: 62fdf1f143b41e24485cea50d1cbac27 -> 
  custom:video-encoder-webm-vp8: eb34c28f22e8b96e1ab97ce403110664 -> 
  custom:video-decoder-webm-vp8: 9c59270c3fd7afecdb556c50c9e8de78 -> 
  custom:audio-decoder-ogg-vorbis: bf7c407c2cedff20999df2af8eb42d56 -> 
  custom:audio-encoder-webm-vorbis: bf7c407c2cedff20999df2af8eb42d56 -> 
========================================================================
Received Prepare
Registering precompiled user dll's ...
Registered in 0.004427 seconds.
Begin MonoManager ReloadAssembly
Native extension for WindowsStandalone target not found
Refreshing native plugins compatible for Editor in 0.50 ms, found 3 plugins.
Preloading 0 native plugins for Editor in 0.00 ms.
Mono: successfully reloaded assembly
- Completed reload, in  0.902 seconds
Domain Reload Profiling:
	ReloadAssembly (903ms)
		BeginReloadAssembly (114ms)
			ExecutionOrderSort (0ms)
			DisableScriptedObjects (6ms)
			BackupInstance (0ms)
			ReleaseScriptingObjects (0ms)
			CreateAndSetChildDomain (32ms)
		EndReloadAssembly (733ms)
			LoadAssemblies (84ms)
			RebuildTransferFunctionScriptingTraits (0ms)
			SetupTypeCache (255ms)
			ReleaseScriptCaches (1ms)
			RebuildScriptCaches (39ms)
			SetupLoadedEditorAssemblies (265ms)
				LogAssemblyErrors (0ms)
				InitializePlatformSupportModulesInManaged (4ms)
				SetLoadedEditorAssemblies (0ms)
				RefreshPlugins (1ms)
				BeforeProcessingInitializeOnLoad (78ms)
				ProcessInitializeOnLoadAttributes (165ms)
				ProcessInitializeOnLoadMethodAttributes (10ms)
				AfterProcessingInitializeOnLoad (6ms)
				EditorAssembliesLoaded (0ms)
			ExecutionOrderSort2 (0ms)
			AwakeInstancesAfterBackupRestoration (8ms)
Platform modules already initialized, skipping
Refreshing native plugins compatible for Editor in 0.50 ms, found 3 plugins.
Preloading 0 native plugins for Editor in 0.00 ms.
Unloading 2175 Unused Serialized files (Serialized files now loaded: 0)
System memory in use before: 97.9 MB.
System memory in use after: 98.0 MB.

Unloading 17 unused Assets to reduce memory usage. Loaded Objects now: 2650.
Total: 3.822000 ms (FindLiveObjects: 0.261400 ms CreateObjectMapping: 0.102800 ms MarkObjects: 3.432500 ms  DeleteObjects: 0.023500 ms)

AssetImportParameters requested are different than current active one (requested -> active):
  custom:framework-win-MediaFoundation: 216162199b28c13a410421893ffa2e32 -> 
  custom:video-decoder-ogg-theora: a1e56fd34408186e4bbccfd4996cb3dc -> 
  custom:container-muxer-webm: aa71ff27fc2769a1b78a27578f13a17b -> 
  custom:container-demuxer-webm: 4f35f7cbe854078d1ac9338744f61a02 -> 
  custom:container-demuxer-ogg: 62fdf1f143b41e24485cea50d1cbac27 -> 
  custom:video-encoder-webm-vp8: eb34c28f22e8b96e1ab97ce403110664 -> 
  custom:video-decoder-webm-vp8: 9c59270c3fd7afecdb556c50c9e8de78 -> 
  custom:audio-decoder-ogg-vorbis: bf7c407c2cedff20999df2af8eb42d56 -> 
  custom:audio-encoder-webm-vorbis: bf7c407c2cedff20999df2af8eb42d56 -> 
========================================================================
Received Prepare
Registering precompiled user dll's ...
Registered in 0.004201 seconds.
Begin MonoManager ReloadAssembly
Native extension for WindowsStandalone target not found
Refreshing native plugins compatible for Editor in 0.52 ms, found 3 plugins.
Preloading 0 native plugins for Editor in 0.00 ms.
Mono: successfully reloaded assembly
- Completed reload, in  0.916 seconds
Domain Reload Profiling:
	ReloadAssembly (917ms)
		BeginReloadAssembly (103ms)
			ExecutionOrderSort (0ms)
			DisableScriptedObjects (6ms)
			BackupInstance (0ms)
			ReleaseScriptingObjects (0ms)
			CreateAndSetChildDomain (32ms)
		EndReloadAssembly (755ms)
			LoadAssemblies (85ms)
			RebuildTransferFunctionScriptingTraits (0ms)
			SetupTypeCache (271ms)
			ReleaseScriptCaches (1ms)
			RebuildScriptCaches (39ms)
			SetupLoadedEditorAssemblies (271ms)
				LogAssemblyErrors (0ms)
				InitializePlatformSupportModulesInManaged (5ms)
				SetLoadedEditorAssemblies (0ms)
				RefreshPlugins (1ms)
				BeforeProcessingInitializeOnLoad (80ms)
				ProcessInitializeOnLoadAttributes (169ms)
				ProcessInitializeOnLoadMethodAttributes (10ms)
				AfterProcessingInitializeOnLoad (6ms)
				EditorAssembliesLoaded (0ms)
			ExecutionOrderSort2 (0ms)
			AwakeInstancesAfterBackupRestoration (8ms)
Platform modules already initialized, skipping
Refreshing native plugins compatible for Editor in 0.56 ms, found 3 plugins.
Preloading 0 native plugins for Editor in 0.00 ms.
Unloading 2175 Unused Serialized files (Serialized files now loaded: 0)
System memory in use before: 97.9 MB.
System memory in use after: 98.1 MB.

Unloading 17 unused Assets to reduce memory usage. Loaded Objects now: 2652.
Total: 3.091100 ms (FindLiveObjects: 0.208500 ms CreateObjectMapping: 0.044300 ms MarkObjects: 2.816100 ms  DeleteObjects: 0.020300 ms)

AssetImportParameters requested are different than current active one (requested -> active):
  custom:framework-win-MediaFoundation: 216162199b28c13a410421893ffa2e32 -> 
  custom:video-decoder-ogg-theora: a1e56fd34408186e4bbccfd4996cb3dc -> 
  custom:container-muxer-webm: aa71ff27fc2769a1b78a27578f13a17b -> 
  custom:container-demuxer-webm: 4f35f7cbe854078d1ac9338744f61a02 -> 
  custom:container-demuxer-ogg: 62fdf1f143b41e24485cea50d1cbac27 -> 
  custom:video-encoder-webm-vp8: eb34c28f22e8b96e1ab97ce403110664 -> 
  custom:video-decoder-webm-vp8: 9c59270c3fd7afecdb556c50c9e8de78 -> 
  custom:audio-decoder-ogg-vorbis: bf7c407c2cedff20999df2af8eb42d56 -> 
  custom:audio-encoder-webm-vorbis: bf7c407c2cedff20999df2af8eb42d56 -> 
========================================================================
Received Import Request.
  Time since last request: 274.884082 seconds.
  path: Assets/Prefabs/Spike.prefab
  artifactKey: Guid(9d6e021a3193e3842bcc9ff7876b752d) Importer(815301076,1909f56bfc062723c751e8b465ee728b)
Start importing Assets/Prefabs/Spike.prefab using Guid(9d6e021a3193e3842bcc9ff7876b752d) Importer(815301076,1909f56bfc062723c751e8b465ee728b)  -> (artifact id: 'daa0c45c6105abc1bbc466f029acc0c4') in 0.057484 seconds 
  Import took 0.061346 seconds .

========================================================================
Received Prepare
Registering precompiled user dll's ...
Registered in 0.004272 seconds.
Begin MonoManager ReloadAssembly
Native extension for WindowsStandalone target not found
Refreshing native plugins compatible for Editor in 0.52 ms, found 3 plugins.
Preloading 0 native plugins for Editor in 0.00 ms.
Mono: successfully reloaded assembly
- Completed reload, in  0.913 seconds
Domain Reload Profiling:
	ReloadAssembly (913ms)
		BeginReloadAssembly (114ms)
			ExecutionOrderSort (0ms)
			DisableScriptedObjects (5ms)
			BackupInstance (0ms)
			ReleaseScriptingObjects (0ms)
			CreateAndSetChildDomain (33ms)
		EndReloadAssembly (741ms)
			LoadAssemblies (81ms)
			RebuildTransferFunctionScriptingTraits (0ms)
			SetupTypeCache (259ms)
			ReleaseScriptCaches (1ms)
			RebuildScriptCaches (39ms)
			SetupLoadedEditorAssemblies (273ms)
				LogAssemblyErrors (0ms)
				InitializePlatformSupportModulesInManaged (4ms)
				SetLoadedEditorAssemblies (0ms)
				RefreshPlugins (1ms)
				BeforeProcessingInitializeOnLoad (78ms)
				ProcessInitializeOnLoadAttributes (174ms)
				ProcessInitializeOnLoadMethodAttributes (10ms)
				AfterProcessingInitializeOnLoad (6ms)
				EditorAssembliesLoaded (0ms)
			ExecutionOrderSort2 (0ms)
			AwakeInstancesAfterBackupRestoration (8ms)
Platform modules already initialized, skipping
Refreshing native plugins compatible for Editor in 0.51 ms, found 3 plugins.
Preloading 0 native plugins for Editor in 0.00 ms.
Unloading 2175 Unused Serialized files (Serialized files now loaded: 0)
System memory in use before: 98.0 MB.
System memory in use after: 98.1 MB.

Unloading 17 unused Assets to reduce memory usage. Loaded Objects now: 2659.
Total: 4.408700 ms (FindLiveObjects: 0.322300 ms CreateObjectMapping: 0.096700 ms MarkObjects: 3.966600 ms  DeleteObjects: 0.021100 ms)

AssetImportParameters requested are different than current active one (requested -> active):
  custom:framework-win-MediaFoundation: 216162199b28c13a410421893ffa2e32 -> 
  custom:video-decoder-ogg-theora: a1e56fd34408186e4bbccfd4996cb3dc -> 
  custom:container-muxer-webm: aa71ff27fc2769a1b78a27578f13a17b -> 
  custom:container-demuxer-webm: 4f35f7cbe854078d1ac9338744f61a02 -> 
  custom:container-demuxer-ogg: 62fdf1f143b41e24485cea50d1cbac27 -> 
  custom:video-encoder-webm-vp8: eb34c28f22e8b96e1ab97ce403110664 -> 
  custom:video-decoder-webm-vp8: 9c59270c3fd7afecdb556c50c9e8de78 -> 
  custom:audio-decoder-ogg-vorbis: bf7c407c2cedff20999df2af8eb42d56 -> 
  custom:audio-encoder-webm-vorbis: bf7c407c2cedff20999df2af8eb42d56 -> 
========================================================================
Received Import Request.
  Time since last request: 166.456246 seconds.
  path: Assets/Pixel Adventure 1/Assets/Traps/Spiked Ball/Chain.png
  artifactKey: Guid(8baedcc19bcfee347a8aef42935eac87) Importer(815301076,1909f56bfc062723c751e8b465ee728b)
Start importing Assets/Pixel Adventure 1/Assets/Traps/Spiked Ball/Chain.png using Guid(8baedcc19bcfee347a8aef42935eac87) Importer(815301076,1909f56bfc062723c751e8b465ee728b)  -> (artifact id: '1a579e972e7ebff388c77f22510d925c') in 0.042116 seconds 
  Import took 0.046198 seconds .

========================================================================
Received Import Request.
  Time since last request: 0.000262 seconds.
  path: Assets/Pixel Adventure 1/Assets/Traps/Spiked Ball/Spiked Ball.png
  artifactKey: Guid(60e5d93de53da5642a38fce5925c3efa) Importer(815301076,1909f56bfc062723c751e8b465ee728b)
Start importing Assets/Pixel Adventure 1/Assets/Traps/Spiked Ball/Spiked Ball.png using Guid(60e5d93de53da5642a38fce5925c3efa) Importer(815301076,1909f56bfc062723c751e8b465ee728b)  -> (artifact id: '9391d9d23f79f4bff96feafd51d17ac2') in 0.020349 seconds 
  Import took 0.023486 seconds .

========================================================================
Received Import Request.
  Time since last request: 6.237451 seconds.
  path: Assets/Pixel Adventure 1/Assets/Traps/Saw/Chain.png
  artifactKey: Guid(c67ce4f5bcebc8943a10698b6614f86f) Importer(815301076,1909f56bfc062723c751e8b465ee728b)
Start importing Assets/Pixel Adventure 1/Assets/Traps/Saw/Chain.png using Guid(c67ce4f5bcebc8943a10698b6614f86f) Importer(815301076,1909f56bfc062723c751e8b465ee728b)  -> (artifact id: '3a61b939e085b65b78d0f2bcd8a998d6') in 0.011017 seconds 
  Import took 0.014085 seconds .

========================================================================
Received Import Request.
  Time since last request: 0.000549 seconds.
  path: Assets/Pixel Adventure 1/Assets/Traps/Saw/Off.png
  artifactKey: Guid(ca5ce7f3f3ac3bb499d37119b1867d7e) Importer(815301076,1909f56bfc062723c751e8b465ee728b)
Start importing Assets/Pixel Adventure 1/Assets/Traps/Saw/Off.png using Guid(ca5ce7f3f3ac3bb499d37119b1867d7e) Importer(815301076,1909f56bfc062723c751e8b465ee728b)  -> (artifact id: '0fd68c68ad89d85aa87356f686a601f7') in 0.017985 seconds 
  Import took 0.021719 seconds .

========================================================================
Received Import Request.
  Time since last request: 0.000232 seconds.
  path: Assets/Pixel Adventure 1/Assets/Traps/Saw/On (38x38).png
  artifactKey: Guid(c016f0eb0a188a14ab7f86d910097523) Importer(815301076,1909f56bfc062723c751e8b465ee728b)
Start importing Assets/Pixel Adventure 1/Assets/Traps/Saw/On (38x38).png using Guid(c016f0eb0a188a14ab7f86d910097523) Importer(815301076,1909f56bfc062723c751e8b465ee728b)  -> (artifact id: '9a5397ba21ddb435ff8556164ff04647') in 0.025988 seconds 
  Import took 0.029098 seconds .

========================================================================
Received Import Request.
  Time since last request: 1.957701 seconds.
  path: Assets/Pixel Adventure 1/Assets/Traps/Sand Mud Ice/Ice Particle.png
  artifactKey: Guid(48b959756f0ed25489c149ed932257c2) Importer(815301076,1909f56bfc062723c751e8b465ee728b)
Start importing Assets/Pixel Adventure 1/Assets/Traps/Sand Mud Ice/Ice Particle.png using Guid(48b959756f0ed25489c149ed932257c2) Importer(815301076,1909f56bfc062723c751e8b465ee728b)  -> (artifact id: '38f857487f878a7ef77e6a5f73fafb42') in 0.009068 seconds 
  Import took 0.012340 seconds .

========================================================================
Received Import Request.
  Time since last request: 0.000412 seconds.
  path: Assets/Pixel Adventure 1/Assets/Traps/Sand Mud Ice/Sand Mud Ice (16x6) 1.png
  artifactKey: Guid(6efdcf6020a7a0d41b45257fc2593b74) Importer(815301076,1909f56bfc062723c751e8b465ee728b)
Start importing Assets/Pixel Adventure 1/Assets/Traps/Sand Mud Ice/Sand Mud Ice (16x6) 1.png using Guid(6efdcf6020a7a0d41b45257fc2593b74) Importer(815301076,1909f56bfc062723c751e8b465ee728b)  -> (artifact id: 'f48b30bb9f6226e348fc65126cc23d75') in 0.013808 seconds 
  Import took 0.016908 seconds .

========================================================================
Received Import Request.
  Time since last request: 0.000277 seconds.
  path: Assets/Pixel Adventure 1/Assets/Traps/Sand Mud Ice/Mud Particle.png
  artifactKey: Guid(54d83c3d1e256b340a5d5f928746a5e5) Importer(815301076,1909f56bfc062723c751e8b465ee728b)
Start importing Assets/Pixel Adventure 1/Assets/Traps/Sand Mud Ice/Mud Particle.png using Guid(54d83c3d1e256b340a5d5f928746a5e5) Importer(815301076,1909f56bfc062723c751e8b465ee728b)  -> (artifact id: '206e201fa4b03370d2ff4bfd14af0f5a') in 0.010233 seconds 
  Import took 0.014115 seconds .

========================================================================
Received Import Request.
  Time since last request: 0.000398 seconds.
  path: Assets/Pixel Adventure 1/Assets/Traps/Sand Mud Ice/Sand Particle.png
  artifactKey: Guid(4f9f5db3daca0a04fba33ee1f463fbed) Importer(815301076,1909f56bfc062723c751e8b465ee728b)
Start importing Assets/Pixel Adventure 1/Assets/Traps/Sand Mud Ice/Sand Particle.png using Guid(4f9f5db3daca0a04fba33ee1f463fbed) Importer(815301076,1909f56bfc062723c751e8b465ee728b)  -> (artifact id: 'eb29c7e30bf86a995330fc658b3d2371') in 0.009462 seconds 
  Import took 0.012958 seconds .

========================================================================
Received Import Request.
  Time since last request: 0.000337 seconds.
  path: Assets/Pixel Adventure 1/Assets/Traps/Sand Mud Ice/Sand Mud Ice Sliced (16x6).png
  artifactKey: Guid(d436f9306d1867c44b4d0c5c013fcb7e) Importer(815301076,1909f56bfc062723c751e8b465ee728b)
Start importing Assets/Pixel Adventure 1/Assets/Traps/Sand Mud Ice/Sand Mud Ice Sliced (16x6).png using Guid(d436f9306d1867c44b4d0c5c013fcb7e) Importer(815301076,1909f56bfc062723c751e8b465ee728b)  -> (artifact id: '9af5ac75d6bfd07f563b6759be400263') in 0.089844 seconds 
  Import took 0.093242 seconds .

========================================================================
Received Import Request.
  Time since last request: 3.410432 seconds.
  path: Assets/Pixel Adventure 1/Assets/Traps/Rock Head/Blink (42x42).png
  artifactKey: Guid(e3e6b3d6c57dc7b488e7d1e8be902988) Importer(815301076,1909f56bfc062723c751e8b465ee728b)
Start importing Assets/Pixel Adventure 1/Assets/Traps/Rock Head/Blink (42x42).png using Guid(e3e6b3d6c57dc7b488e7d1e8be902988) Importer(815301076,1909f56bfc062723c751e8b465ee728b)  -> (artifact id: 'a75590356aab15d5a5665e103d3a2b73') in 0.020752 seconds 
  Import took 0.024675 seconds .

========================================================================
Received Import Request.
  Time since last request: 0.000381 seconds.
  path: Assets/Pixel Adventure 1/Assets/Traps/Rock Head/Bottom Hit (42x42).png
  artifactKey: Guid(90f53065140625242aaa6c9e55fcf2f3) Importer(815301076,1909f56bfc062723c751e8b465ee728b)
Start importing Assets/Pixel Adventure 1/Assets/Traps/Rock Head/Bottom Hit (42x42).png using Guid(90f53065140625242aaa6c9e55fcf2f3) Importer(815301076,1909f56bfc062723c751e8b465ee728b)  -> (artifact id: '26df4d0cbf6f40a32575640dbc7418f7') in 0.023776 seconds 
  Import took 0.026911 seconds .

========================================================================
Received Import Request.
  Time since last request: 0.000289 seconds.
  path: Assets/Pixel Adventure 1/Assets/Traps/Rock Head/Left Hit (42x42).png
  artifactKey: Guid(bb8f35504d0d42343b3cdb04faaa9d15) Importer(815301076,1909f56bfc062723c751e8b465ee728b)
Start importing Assets/Pixel Adventure 1/Assets/Traps/Rock Head/Left Hit (42x42).png using Guid(bb8f35504d0d42343b3cdb04faaa9d15) Importer(815301076,1909f56bfc062723c751e8b465ee728b)  -> (artifact id: '936b82b4582fb370f8520998b3b4a911') in 0.025071 seconds 
  Import took 0.028146 seconds .

========================================================================
Received Import Request.
  Time since last request: 0.000268 seconds.
  path: Assets/Pixel Adventure 1/Assets/Traps/Rock Head/Top Hit (42x42).png
  artifactKey: Guid(cbc3de93d8c073148bfa4e9b375fe7f7) Importer(815301076,1909f56bfc062723c751e8b465ee728b)
Start importing Assets/Pixel Adventure 1/Assets/Traps/Rock Head/Top Hit (42x42).png using Guid(cbc3de93d8c073148bfa4e9b375fe7f7) Importer(815301076,1909f56bfc062723c751e8b465ee728b)  -> (artifact id: '5060358fb7405eb259a78176184f057e') in 0.016575 seconds 
  Import took 0.019699 seconds .

========================================================================
Received Import Request.
  Time since last request: 0.000397 seconds.
  path: Assets/Pixel Adventure 1/Assets/Traps/Rock Head/Right Hit (42x42).png
  artifactKey: Guid(337dc14b4c251b345bc534a6e8df01db) Importer(815301076,1909f56bfc062723c751e8b465ee728b)
Start importing Assets/Pixel Adventure 1/Assets/Traps/Rock Head/Right Hit (42x42).png using Guid(337dc14b4c251b345bc534a6e8df01db) Importer(815301076,1909f56bfc062723c751e8b465ee728b)  -> (artifact id: 'da6900651d888ac7c09c36f1869cf14f') in 0.017471 seconds 
  Import took 0.020526 seconds .

========================================================================
Received Import Request.
  Time since last request: 0.000280 seconds.
  path: Assets/Pixel Adventure 1/Assets/Traps/Rock Head/Idle.png
  artifactKey: Guid(282fa6659f7eabb4f88d7cd347ae7723) Importer(815301076,1909f56bfc062723c751e8b465ee728b)
Start importing Assets/Pixel Adventure 1/Assets/Traps/Rock Head/Idle.png using Guid(282fa6659f7eabb4f88d7cd347ae7723) Importer(815301076,1909f56bfc062723c751e8b465ee728b)  -> (artifact id: 'e15a87ccf648ce89179ddfb987540db4') in 0.009421 seconds 
  Import took 0.012627 seconds .

========================================================================
Received Import Request.
  Time since last request: 18.269530 seconds.
  path: Assets/Pixel Adventure 1/Assets/Traps/Blocks/HitSide (22x22).png
  artifactKey: Guid(a93caedcaa299f14e978454757f38077) Importer(815301076,1909f56bfc062723c751e8b465ee728b)
Start importing Assets/Pixel Adventure 1/Assets/Traps/Blocks/HitSide (22x22).png using Guid(a93caedcaa299f14e978454757f38077) Importer(815301076,1909f56bfc062723c751e8b465ee728b)  -> (artifact id: '64eb5ce4e7f69ac1abc76783feca1573') in 0.017695 seconds 
  Import took 0.020998 seconds .

========================================================================
Received Import Request.
  Time since last request: 0.000346 seconds.
  path: Assets/Pixel Adventure 1/Assets/Traps/Blocks/Part 2 (22x22).png
  artifactKey: Guid(445c6df91e50ef74eb2589883bcc07d1) Importer(815301076,1909f56bfc062723c751e8b465ee728b)
Start importing Assets/Pixel Adventure 1/Assets/Traps/Blocks/Part 2 (22x22).png using Guid(445c6df91e50ef74eb2589883bcc07d1) Importer(815301076,1909f56bfc062723c751e8b465ee728b)  -> (artifact id: '444dc57ac58ff431ce8b9c2359ed1494') in 0.024710 seconds 
  Import took 0.027806 seconds .

========================================================================
Received Import Request.
  Time since last request: 0.000317 seconds.
  path: Assets/Pixel Adventure 1/Assets/Traps/Blocks/HitTop (22x22).png
  artifactKey: Guid(cf4eb9361d321834693bc5dcefbb5c4f) Importer(815301076,1909f56bfc062723c751e8b465ee728b)
Start importing Assets/Pixel Adventure 1/Assets/Traps/Blocks/HitTop (22x22).png using Guid(cf4eb9361d321834693bc5dcefbb5c4f) Importer(815301076,1909f56bfc062723c751e8b465ee728b)  -> (artifact id: 'e72f71886fdf220f5966ca65bc14b105') in 0.022804 seconds 
  Import took 0.025969 seconds .

========================================================================
Received Import Request.
  Time since last request: 0.000287 seconds.
  path: Assets/Pixel Adventure 1/Assets/Traps/Blocks/Idle.png
  artifactKey: Guid(8d9b0e740a31fbf448f91aaf8ea38ff8) Importer(815301076,1909f56bfc062723c751e8b465ee728b)
Start importing Assets/Pixel Adventure 1/Assets/Traps/Blocks/Idle.png using Guid(8d9b0e740a31fbf448f91aaf8ea38ff8) Importer(815301076,1909f56bfc062723c751e8b465ee728b)  -> (artifact id: '00b4aa87ce7aa760f1c3c6a71d38f51b') in 0.010279 seconds 
  Import took 0.013367 seconds .

========================================================================
Received Import Request.
  Time since last request: 0.000288 seconds.
  path: Assets/Pixel Adventure 1/Assets/Traps/Blocks/Part 1 (22x22).png
  artifactKey: Guid(09f4b8f50dab5b34495ea64fc80b3047) Importer(815301076,1909f56bfc062723c751e8b465ee728b)
Start importing Assets/Pixel Adventure 1/Assets/Traps/Blocks/Part 1 (22x22).png using Guid(09f4b8f50dab5b34495ea64fc80b3047) Importer(815301076,1909f56bfc062723c751e8b465ee728b)  -> (artifact id: 'e2cac2a70934358719b11119da71ccf0') in 0.014413 seconds 
  Import took 0.017908 seconds .

========================================================================
Received Import Request.
  Time since last request: 2.745096 seconds.
  path: Assets/Pixel Adventure 1/Assets/Traps/Arrow/Hit (18x18).png
  artifactKey: Guid(fc834c17a763e0141b0fec5d598e279b) Importer(815301076,1909f56bfc062723c751e8b465ee728b)
Start importing Assets/Pixel Adventure 1/Assets/Traps/Arrow/Hit (18x18).png using Guid(fc834c17a763e0141b0fec5d598e279b) Importer(815301076,1909f56bfc062723c751e8b465ee728b)  -> (artifact id: '35bd2e4a0dc9513c758f2641765a6731') in 0.018279 seconds 
  Import took 0.021985 seconds .

========================================================================
Received Import Request.
  Time since last request: 0.000352 seconds.
  path: Assets/Pixel Adventure 1/Assets/Traps/Arrow/Idle (18x18).png
  artifactKey: Guid(f42176bbc0b84b54e83c161abc6eb071) Importer(815301076,1909f56bfc062723c751e8b465ee728b)
Start importing Assets/Pixel Adventure 1/Assets/Traps/Arrow/Idle (18x18).png using Guid(f42176bbc0b84b54e83c161abc6eb071) Importer(815301076,1909f56bfc062723c751e8b465ee728b)  -> (artifact id: 'e373e67875982c03f7d15aec14ef60b7') in 0.030696 seconds 
  Import took 0.033850 seconds .

========================================================================
Received Import Request.
  Time since last request: 95.288515 seconds.
  path: Assets/Scripts/EnemySpike.cs
  artifactKey: Guid(17a282d062623af469d2f1a39e62da03) Importer(815301076,1909f56bfc062723c751e8b465ee728b)
Start importing Assets/Scripts/EnemySpike.cs using Guid(17a282d062623af469d2f1a39e62da03) Importer(815301076,1909f56bfc062723c751e8b465ee728b)  -> (artifact id: 'e0847619d30acfb6454464d601887616') in 0.002130 seconds 
  Import took 0.005661 seconds .

========================================================================
Received Prepare
Registering precompiled user dll's ...
Registered in 0.004270 seconds.
Begin MonoManager ReloadAssembly
Native extension for WindowsStandalone target not found
Refreshing native plugins compatible for Editor in 0.51 ms, found 3 plugins.
Preloading 0 native plugins for Editor in 0.00 ms.
Mono: successfully reloaded assembly
- Completed reload, in  0.898 seconds
Domain Reload Profiling:
	ReloadAssembly (899ms)
		BeginReloadAssembly (111ms)
			ExecutionOrderSort (0ms)
			DisableScriptedObjects (6ms)
			BackupInstance (0ms)
			ReleaseScriptingObjects (0ms)
			CreateAndSetChildDomain (33ms)
		EndReloadAssembly (732ms)
			LoadAssemblies (80ms)
			RebuildTransferFunctionScriptingTraits (0ms)
			SetupTypeCache (245ms)
			ReleaseScriptCaches (1ms)
			RebuildScriptCaches (40ms)
			SetupLoadedEditorAssemblies (278ms)
				LogAssemblyErrors (0ms)
				InitializePlatformSupportModulesInManaged (4ms)
				SetLoadedEditorAssemblies (0ms)
				RefreshPlugins (1ms)
				BeforeProcessingInitializeOnLoad (80ms)
				ProcessInitializeOnLoadAttributes (176ms)
				ProcessInitializeOnLoadMethodAttributes (10ms)
				AfterProcessingInitializeOnLoad (6ms)
				EditorAssembliesLoaded (0ms)
			ExecutionOrderSort2 (0ms)
			AwakeInstancesAfterBackupRestoration (8ms)
Platform modules already initialized, skipping
Refreshing native plugins compatible for Editor in 0.51 ms, found 3 plugins.
Preloading 0 native plugins for Editor in 0.00 ms.
Unloading 2176 Unused Serialized files (Serialized files now loaded: 0)
System memory in use before: 98.1 MB.
System memory in use after: 98.3 MB.

Unloading 17 unused Assets to reduce memory usage. Loaded Objects now: 2677.
Total: 3.239300 ms (FindLiveObjects: 0.211400 ms CreateObjectMapping: 0.047400 ms MarkObjects: 2.956900 ms  DeleteObjects: 0.021800 ms)

AssetImportParameters requested are different than current active one (requested -> active):
  custom:framework-win-MediaFoundation: 216162199b28c13a410421893ffa2e32 -> 
  custom:video-decoder-ogg-theora: a1e56fd34408186e4bbccfd4996cb3dc -> 
  custom:container-muxer-webm: aa71ff27fc2769a1b78a27578f13a17b -> 
  custom:container-demuxer-webm: 4f35f7cbe854078d1ac9338744f61a02 -> 
  custom:container-demuxer-ogg: 62fdf1f143b41e24485cea50d1cbac27 -> 
  custom:video-encoder-webm-vp8: eb34c28f22e8b96e1ab97ce403110664 -> 
  custom:video-decoder-webm-vp8: 9c59270c3fd7afecdb556c50c9e8de78 -> 
  custom:audio-decoder-ogg-vorbis: bf7c407c2cedff20999df2af8eb42d56 -> 
  custom:audio-encoder-webm-vorbis: bf7c407c2cedff20999df2af8eb42d56 -> 
========================================================================
Received Prepare
Registering precompiled user dll's ...
Registered in 0.004957 seconds.
Begin MonoManager ReloadAssembly
Native extension for WindowsStandalone target not found
Refreshing native plugins compatible for Editor in 0.58 ms, found 3 plugins.
Preloading 0 native plugins for Editor in 0.00 ms.
Mono: successfully reloaded assembly
- Completed reload, in  0.943 seconds
Domain Reload Profiling:
	ReloadAssembly (943ms)
		BeginReloadAssembly (103ms)
			ExecutionOrderSort (0ms)
			DisableScriptedObjects (5ms)
			BackupInstance (0ms)
			ReleaseScriptingObjects (0ms)
			CreateAndSetChildDomain (33ms)
		EndReloadAssembly (782ms)
			LoadAssemblies (88ms)
			RebuildTransferFunctionScriptingTraits (0ms)
			SetupTypeCache (255ms)
			ReleaseScriptCaches (1ms)
			RebuildScriptCaches (41ms)
			SetupLoadedEditorAssemblies (308ms)
				LogAssemblyErrors (0ms)
				InitializePlatformSupportModulesInManaged (5ms)
				SetLoadedEditorAssemblies (0ms)
				RefreshPlugins (1ms)
				BeforeProcessingInitializeOnLoad (89ms)
				ProcessInitializeOnLoadAttributes (195ms)
				ProcessInitializeOnLoadMethodAttributes (11ms)
				AfterProcessingInitializeOnLoad (7ms)
				EditorAssembliesLoaded (0ms)
			ExecutionOrderSort2 (0ms)
			AwakeInstancesAfterBackupRestoration (8ms)
Platform modules already initialized, skipping
Refreshing native plugins compatible for Editor in 0.58 ms, found 3 plugins.
Preloading 0 native plugins for Editor in 0.00 ms.
Unloading 2176 Unused Serialized files (Serialized files now loaded: 0)
System memory in use before: 98.2 MB.
System memory in use after: 98.3 MB.

Unloading 17 unused Assets to reduce memory usage. Loaded Objects now: 2679.
Total: 3.326000 ms (FindLiveObjects: 0.321700 ms CreateObjectMapping: 0.089600 ms MarkObjects: 2.891400 ms  DeleteObjects: 0.021500 ms)

AssetImportParameters requested are different than current active one (requested -> active):
  custom:framework-win-MediaFoundation: 216162199b28c13a410421893ffa2e32 -> 
  custom:video-decoder-ogg-theora: a1e56fd34408186e4bbccfd4996cb3dc -> 
  custom:container-muxer-webm: aa71ff27fc2769a1b78a27578f13a17b -> 
  custom:container-demuxer-webm: 4f35f7cbe854078d1ac9338744f61a02 -> 
  custom:container-demuxer-ogg: 62fdf1f143b41e24485cea50d1cbac27 -> 
  custom:video-encoder-webm-vp8: eb34c28f22e8b96e1ab97ce403110664 -> 
  custom:video-decoder-webm-vp8: 9c59270c3fd7afecdb556c50c9e8de78 -> 
  custom:audio-decoder-ogg-vorbis: bf7c407c2cedff20999df2af8eb42d56 -> 
  custom:audio-encoder-webm-vorbis: bf7c407c2cedff20999df2af8eb42d56 -> 
========================================================================
Received Prepare
Registering precompiled user dll's ...
Registered in 0.004121 seconds.
Begin MonoManager ReloadAssembly
Native extension for WindowsStandalone target not found
Refreshing native plugins compatible for Editor in 0.51 ms, found 3 plugins.
Preloading 0 native plugins for Editor in 0.00 ms.
Mono: successfully reloaded assembly
- Completed reload, in  0.885 seconds
Domain Reload Profiling:
	ReloadAssembly (885ms)
		BeginReloadAssembly (101ms)
			ExecutionOrderSort (0ms)
			DisableScriptedObjects (6ms)
			BackupInstance (0ms)
			ReleaseScriptingObjects (0ms)
			CreateAndSetChildDomain (31ms)
		EndReloadAssembly (728ms)
			LoadAssemblies (84ms)
			RebuildTransferFunctionScriptingTraits (0ms)
			SetupTypeCache (249ms)
			ReleaseScriptCaches (1ms)
			RebuildScriptCaches (38ms)
			SetupLoadedEditorAssemblies (265ms)
				LogAssemblyErrors (0ms)
				InitializePlatformSupportModulesInManaged (5ms)
				SetLoadedEditorAssemblies (0ms)
				RefreshPlugins (1ms)
				BeforeProcessingInitializeOnLoad (78ms)
				ProcessInitializeOnLoadAttributes (166ms)
				ProcessInitializeOnLoadMethodAttributes (10ms)
				AfterProcessingInitializeOnLoad (6ms)
				EditorAssembliesLoaded (0ms)
			ExecutionOrderSort2 (0ms)
			AwakeInstancesAfterBackupRestoration (8ms)
Platform modules already initialized, skipping
Refreshing native plugins compatible for Editor in 0.49 ms, found 3 plugins.
Preloading 0 native plugins for Editor in 0.00 ms.
Unloading 2177 Unused Serialized files (Serialized files now loaded: 0)
System memory in use before: 98.2 MB.
System memory in use after: 98.3 MB.

Unloading 17 unused Assets to reduce memory usage. Loaded Objects now: 2682.
Total: 3.699200 ms (FindLiveObjects: 0.312000 ms CreateObjectMapping: 0.104100 ms MarkObjects: 3.256100 ms  DeleteObjects: 0.022100 ms)

AssetImportParameters requested are different than current active one (requested -> active):
  custom:framework-win-MediaFoundation: 216162199b28c13a410421893ffa2e32 -> 
  custom:video-decoder-ogg-theora: a1e56fd34408186e4bbccfd4996cb3dc -> 
  custom:container-muxer-webm: aa71ff27fc2769a1b78a27578f13a17b -> 
  custom:container-demuxer-webm: 4f35f7cbe854078d1ac9338744f61a02 -> 
  custom:container-demuxer-ogg: 62fdf1f143b41e24485cea50d1cbac27 -> 
  custom:video-encoder-webm-vp8: eb34c28f22e8b96e1ab97ce403110664 -> 
  custom:video-decoder-webm-vp8: 9c59270c3fd7afecdb556c50c9e8de78 -> 
  custom:audio-decoder-ogg-vorbis: bf7c407c2cedff20999df2af8eb42d56 -> 
  custom:audio-encoder-webm-vorbis: bf7c407c2cedff20999df2af8eb42d56 -> 
========================================================================
Received Prepare
Registering precompiled user dll's ...
Registered in 0.004131 seconds.
Begin MonoManager ReloadAssembly
Native extension for WindowsStandalone target not found
Refreshing native plugins compatible for Editor in 0.73 ms, found 3 plugins.
Preloading 0 native plugins for Editor in 0.00 ms.
Mono: successfully reloaded assembly
- Completed reload, in  0.890 seconds
Domain Reload Profiling:
	ReloadAssembly (891ms)
		BeginReloadAssembly (109ms)
			ExecutionOrderSort (0ms)
			DisableScriptedObjects (6ms)
			BackupInstance (0ms)
			ReleaseScriptingObjects (0ms)
			CreateAndSetChildDomain (32ms)
		EndReloadAssembly (721ms)
			LoadAssemblies (88ms)
			RebuildTransferFunctionScriptingTraits (0ms)
			SetupTypeCache (243ms)
			ReleaseScriptCaches (1ms)
			RebuildScriptCaches (39ms)
			SetupLoadedEditorAssemblies (268ms)
				LogAssemblyErrors (0ms)
				InitializePlatformSupportModulesInManaged (5ms)
				SetLoadedEditorAssemblies (0ms)
				RefreshPlugins (1ms)
				BeforeProcessingInitializeOnLoad (80ms)
				ProcessInitializeOnLoadAttributes (166ms)
				ProcessInitializeOnLoadMethodAttributes (10ms)
				AfterProcessingInitializeOnLoad (6ms)
				EditorAssembliesLoaded (0ms)
			ExecutionOrderSort2 (0ms)
			AwakeInstancesAfterBackupRestoration (8ms)
Platform modules already initialized, skipping
Refreshing native plugins compatible for Editor in 0.50 ms, found 3 plugins.
Preloading 0 native plugins for Editor in 0.00 ms.
Unloading 2177 Unused Serialized files (Serialized files now loaded: 0)
System memory in use before: 98.2 MB.
System memory in use after: 98.3 MB.

Unloading 17 unused Assets to reduce memory usage. Loaded Objects now: 2684.
Total: 3.149300 ms (FindLiveObjects: 0.217000 ms CreateObjectMapping: 0.045000 ms MarkObjects: 2.863800 ms  DeleteObjects: 0.022000 ms)

AssetImportParameters requested are different than current active one (requested -> active):
  custom:framework-win-MediaFoundation: 216162199b28c13a410421893ffa2e32 -> 
  custom:video-decoder-ogg-theora: a1e56fd34408186e4bbccfd4996cb3dc -> 
  custom:container-muxer-webm: aa71ff27fc2769a1b78a27578f13a17b -> 
  custom:container-demuxer-webm: 4f35f7cbe854078d1ac9338744f61a02 -> 
  custom:container-demuxer-ogg: 62fdf1f143b41e24485cea50d1cbac27 -> 
  custom:video-encoder-webm-vp8: eb34c28f22e8b96e1ab97ce403110664 -> 
  custom:video-decoder-webm-vp8: 9c59270c3fd7afecdb556c50c9e8de78 -> 
  custom:audio-decoder-ogg-vorbis: bf7c407c2cedff20999df2af8eb42d56 -> 
  custom:audio-encoder-webm-vorbis: bf7c407c2cedff20999df2af8eb42d56 -> 
========================================================================
Received Import Request.
  Time since last request: 1137.595368 seconds.
  path: Assets/Scripts/Fruitcount.cs
  artifactKey: Guid(1d6977a0e706b564e9dd046364c0cce8) Importer(815301076,1909f56bfc062723c751e8b465ee728b)
Start importing Assets/Scripts/Fruitcount.cs using Guid(1d6977a0e706b564e9dd046364c0cce8) Importer(815301076,1909f56bfc062723c751e8b465ee728b)  -> (artifact id: 'bf21959635e42b1e7001c9d0d08a3cce') in 0.004541 seconds 
  Import took 0.007757 seconds .

========================================================================
Received Import Request.
  Time since last request: 286.614568 seconds.
  path: Assets/Scripts/Fruitcount.cs
  artifactKey: Guid(1d6977a0e706b564e9dd046364c0cce8) Importer(815301076,1909f56bfc062723c751e8b465ee728b)
Start importing Assets/Scripts/Fruitcount.cs using Guid(1d6977a0e706b564e9dd046364c0cce8) Importer(815301076,1909f56bfc062723c751e8b465ee728b)  -> (artifact id: 'ca41f7a9c4cbfcc5cfa0ce68feb80ab5') in 0.001905 seconds 
  Import took 0.005568 seconds .

========================================================================
Received Prepare
Registering precompiled user dll's ...
Registered in 0.004150 seconds.
Begin MonoManager ReloadAssembly
Native extension for WindowsStandalone target not found
Refreshing native plugins compatible for Editor in 0.53 ms, found 3 plugins.
Preloading 0 native plugins for Editor in 0.00 ms.
Mono: successfully reloaded assembly
- Completed reload, in  0.876 seconds
Domain Reload Profiling:
	ReloadAssembly (877ms)
		BeginReloadAssembly (106ms)
			ExecutionOrderSort (0ms)
			DisableScriptedObjects (5ms)
			BackupInstance (0ms)
			ReleaseScriptingObjects (0ms)
			CreateAndSetChildDomain (32ms)
		EndReloadAssembly (714ms)
			LoadAssemblies (82ms)
			RebuildTransferFunctionScriptingTraits (0ms)
			SetupTypeCache (243ms)
			ReleaseScriptCaches (1ms)
			RebuildScriptCaches (42ms)
			SetupLoadedEditorAssemblies (263ms)
				LogAssemblyErrors (0ms)
				InitializePlatformSupportModulesInManaged (4ms)
				SetLoadedEditorAssemblies (0ms)
				RefreshPlugins (1ms)
				BeforeProcessingInitializeOnLoad (77ms)
				ProcessInitializeOnLoadAttributes (163ms)
				ProcessInitializeOnLoadMethodAttributes (9ms)
				AfterProcessingInitializeOnLoad (7ms)
				EditorAssembliesLoaded (0ms)
			ExecutionOrderSort2 (0ms)
			AwakeInstancesAfterBackupRestoration (8ms)
Platform modules already initialized, skipping
Refreshing native plugins compatible for Editor in 0.51 ms, found 3 plugins.
Preloading 0 native plugins for Editor in 0.00 ms.
Unloading 2177 Unused Serialized files (Serialized files now loaded: 0)
System memory in use before: 98.2 MB.
System memory in use after: 98.3 MB.

Unloading 17 unused Assets to reduce memory usage. Loaded Objects now: 2686.
Total: 3.490500 ms (FindLiveObjects: 0.214500 ms CreateObjectMapping: 0.045700 ms MarkObjects: 3.204800 ms  DeleteObjects: 0.024300 ms)

AssetImportParameters requested are different than current active one (requested -> active):
  custom:framework-win-MediaFoundation: 216162199b28c13a410421893ffa2e32 -> 
  custom:video-decoder-ogg-theora: a1e56fd34408186e4bbccfd4996cb3dc -> 
  custom:container-muxer-webm: aa71ff27fc2769a1b78a27578f13a17b -> 
  custom:container-demuxer-webm: 4f35f7cbe854078d1ac9338744f61a02 -> 
  custom:container-demuxer-ogg: 62fdf1f143b41e24485cea50d1cbac27 -> 
  custom:video-encoder-webm-vp8: eb34c28f22e8b96e1ab97ce403110664 -> 
  custom:video-decoder-webm-vp8: 9c59270c3fd7afecdb556c50c9e8de78 -> 
  custom:audio-decoder-ogg-vorbis: bf7c407c2cedff20999df2af8eb42d56 -> 
  custom:audio-encoder-webm-vorbis: bf7c407c2cedff20999df2af8eb42d56 -> 
========================================================================
Received Prepare
Registering precompiled user dll's ...
Registered in 0.004323 seconds.
Begin MonoManager ReloadAssembly
Native extension for WindowsStandalone target not found
Refreshing native plugins compatible for Editor in 0.53 ms, found 3 plugins.
Preloading 0 native plugins for Editor in 0.00 ms.
Mono: successfully reloaded assembly
- Completed reload, in  0.861 seconds
Domain Reload Profiling:
	ReloadAssembly (861ms)
		BeginReloadAssembly (99ms)
			ExecutionOrderSort (0ms)
			DisableScriptedObjects (5ms)
			BackupInstance (0ms)
			ReleaseScriptingObjects (0ms)
			CreateAndSetChildDomain (32ms)
		EndReloadAssembly (707ms)
			LoadAssemblies (76ms)
			RebuildTransferFunctionScriptingTraits (0ms)
			SetupTypeCache (246ms)
			ReleaseScriptCaches (1ms)
			RebuildScriptCaches (37ms)
			SetupLoadedEditorAssemblies (263ms)
				LogAssemblyErrors (0ms)
				InitializePlatformSupportModulesInManaged (7ms)
				SetLoadedEditorAssemblies (0ms)
				RefreshPlugins (1ms)
				BeforeProcessingInitializeOnLoad (77ms)
				ProcessInitializeOnLoadAttributes (162ms)
				ProcessInitializeOnLoadMethodAttributes (10ms)
				AfterProcessingInitializeOnLoad (6ms)
				EditorAssembliesLoaded (0ms)
			ExecutionOrderSort2 (0ms)
			AwakeInstancesAfterBackupRestoration (8ms)
Platform modules already initialized, skipping
Refreshing native plugins compatible for Editor in 0.51 ms, found 3 plugins.
Preloading 0 native plugins for Editor in 0.00 ms.
Unloading 2177 Unused Serialized files (Serialized files now loaded: 0)
System memory in use before: 98.2 MB.
System memory in use after: 98.3 MB.

Unloading 17 unused Assets to reduce memory usage. Loaded Objects now: 2688.
Total: 3.183300 ms (FindLiveObjects: 0.271000 ms CreateObjectMapping: 0.097100 ms MarkObjects: 2.787500 ms  DeleteObjects: 0.025600 ms)

AssetImportParameters requested are different than current active one (requested -> active):
  custom:framework-win-MediaFoundation: 216162199b28c13a410421893ffa2e32 -> 
  custom:video-decoder-ogg-theora: a1e56fd34408186e4bbccfd4996cb3dc -> 
  custom:container-muxer-webm: aa71ff27fc2769a1b78a27578f13a17b -> 
  custom:container-demuxer-webm: 4f35f7cbe854078d1ac9338744f61a02 -> 
  custom:container-demuxer-ogg: 62fdf1f143b41e24485cea50d1cbac27 -> 
  custom:video-encoder-webm-vp8: eb34c28f22e8b96e1ab97ce403110664 -> 
  custom:video-decoder-webm-vp8: 9c59270c3fd7afecdb556c50c9e8de78 -> 
  custom:audio-decoder-ogg-vorbis: bf7c407c2cedff20999df2af8eb42d56 -> 
  custom:audio-encoder-webm-vorbis: bf7c407c2cedff20999df2af8eb42d56 -> 
========================================================================
Received Prepare
Registering precompiled user dll's ...
Registered in 0.004166 seconds.
Begin MonoManager ReloadAssembly
Native extension for WindowsStandalone target not found
Refreshing native plugins compatible for Editor in 0.53 ms, found 3 plugins.
Preloading 0 native plugins for Editor in 0.00 ms.
Mono: successfully reloaded assembly
- Completed reload, in  0.877 seconds
Domain Reload Profiling:
	ReloadAssembly (877ms)
		BeginReloadAssembly (99ms)
			ExecutionOrderSort (0ms)
			DisableScriptedObjects (5ms)
			BackupInstance (0ms)
			ReleaseScriptingObjects (0ms)
			CreateAndSetChildDomain (33ms)
		EndReloadAssembly (722ms)
			LoadAssemblies (78ms)
			RebuildTransferFunctionScriptingTraits (0ms)
			SetupTypeCache (251ms)
			ReleaseScriptCaches (1ms)
			RebuildScriptCaches (40ms)
			SetupLoadedEditorAssemblies (267ms)
				LogAssemblyErrors (0ms)
				InitializePlatformSupportModulesInManaged (4ms)
				SetLoadedEditorAssemblies (0ms)
				RefreshPlugins (1ms)
				BeforeProcessingInitializeOnLoad (77ms)
				ProcessInitializeOnLoadAttributes (168ms)
				ProcessInitializeOnLoadMethodAttributes (11ms)
				AfterProcessingInitializeOnLoad (6ms)
				EditorAssembliesLoaded (0ms)
			ExecutionOrderSort2 (0ms)
			AwakeInstancesAfterBackupRestoration (7ms)
Platform modules already initialized, skipping
Refreshing native plugins compatible for Editor in 0.52 ms, found 3 plugins.
Preloading 0 native plugins for Editor in 0.00 ms.
Unloading 2177 Unused Serialized files (Serialized files now loaded: 0)
System memory in use before: 98.2 MB.
System memory in use after: 98.3 MB.

Unloading 17 unused Assets to reduce memory usage. Loaded Objects now: 2690.
Total: 3.237300 ms (FindLiveObjects: 0.221500 ms CreateObjectMapping: 0.047700 ms MarkObjects: 2.946400 ms  DeleteObjects: 0.020400 ms)

AssetImportParameters requested are different than current active one (requested -> active):
  custom:framework-win-MediaFoundation: 216162199b28c13a410421893ffa2e32 -> 
  custom:video-decoder-ogg-theora: a1e56fd34408186e4bbccfd4996cb3dc -> 
  custom:container-muxer-webm: aa71ff27fc2769a1b78a27578f13a17b -> 
  custom:container-demuxer-webm: 4f35f7cbe854078d1ac9338744f61a02 -> 
  custom:container-demuxer-ogg: 62fdf1f143b41e24485cea50d1cbac27 -> 
  custom:video-encoder-webm-vp8: eb34c28f22e8b96e1ab97ce403110664 -> 
  custom:video-decoder-webm-vp8: 9c59270c3fd7afecdb556c50c9e8de78 -> 
  custom:audio-decoder-ogg-vorbis: bf7c407c2cedff20999df2af8eb42d56 -> 
  custom:audio-encoder-webm-vorbis: bf7c407c2cedff20999df2af8eb42d56 -> 
========================================================================
Received Prepare
Registering precompiled user dll's ...
Registered in 0.004339 seconds.
Begin MonoManager ReloadAssembly
Native extension for WindowsStandalone target not found
Refreshing native plugins compatible for Editor in 0.51 ms, found 3 plugins.
Preloading 0 native plugins for Editor in 0.00 ms.
Mono: successfully reloaded assembly
- Completed reload, in  0.886 seconds
Domain Reload Profiling:
	ReloadAssembly (887ms)
		BeginReloadAssembly (109ms)
			ExecutionOrderSort (0ms)
			DisableScriptedObjects (5ms)
			BackupInstance (0ms)
			ReleaseScriptingObjects (0ms)
			CreateAndSetChildDomain (30ms)
		EndReloadAssembly (721ms)
			LoadAssemblies (83ms)
			RebuildTransferFunctionScriptingTraits (0ms)
			SetupTypeCache (255ms)
			ReleaseScriptCaches (1ms)
			RebuildScriptCaches (39ms)
			SetupLoadedEditorAssemblies (257ms)
				LogAssemblyErrors (0ms)
				InitializePlatformSupportModulesInManaged (4ms)
				SetLoadedEditorAssemblies (0ms)
				RefreshPlugins (1ms)
				BeforeProcessingInitializeOnLoad (78ms)
				ProcessInitializeOnLoadAttributes (157ms)
				ProcessInitializeOnLoadMethodAttributes (11ms)
				AfterProcessingInitializeOnLoad (6ms)
				EditorAssembliesLoaded (0ms)
			ExecutionOrderSort2 (0ms)
			AwakeInstancesAfterBackupRestoration (7ms)
Platform modules already initialized, skipping
Refreshing native plugins compatible for Editor in 0.51 ms, found 3 plugins.
Preloading 0 native plugins for Editor in 0.00 ms.
Unloading 2177 Unused Serialized files (Serialized files now loaded: 0)
System memory in use before: 98.2 MB.
System memory in use after: 98.3 MB.

Unloading 17 unused Assets to reduce memory usage. Loaded Objects now: 2692.
Total: 3.806100 ms (FindLiveObjects: 0.353500 ms CreateObjectMapping: 0.139200 ms MarkObjects: 3.287900 ms  DeleteObjects: 0.023200 ms)

AssetImportParameters requested are different than current active one (requested -> active):
  custom:framework-win-MediaFoundation: 216162199b28c13a410421893ffa2e32 -> 
  custom:video-decoder-ogg-theora: a1e56fd34408186e4bbccfd4996cb3dc -> 
  custom:container-muxer-webm: aa71ff27fc2769a1b78a27578f13a17b -> 
  custom:container-demuxer-webm: 4f35f7cbe854078d1ac9338744f61a02 -> 
  custom:container-demuxer-ogg: 62fdf1f143b41e24485cea50d1cbac27 -> 
  custom:video-encoder-webm-vp8: eb34c28f22e8b96e1ab97ce403110664 -> 
  custom:video-decoder-webm-vp8: 9c59270c3fd7afecdb556c50c9e8de78 -> 
  custom:audio-decoder-ogg-vorbis: bf7c407c2cedff20999df2af8eb42d56 -> 
  custom:audio-encoder-webm-vorbis: bf7c407c2cedff20999df2af8eb42d56 -> 
========================================================================
Received Prepare
Registering precompiled user dll's ...
Registered in 0.004341 seconds.
Begin MonoManager ReloadAssembly
Native extension for WindowsStandalone target not found
Refreshing native plugins compatible for Editor in 0.51 ms, found 3 plugins.
Preloading 0 native plugins for Editor in 0.00 ms.
Mono: successfully reloaded assembly
- Completed reload, in  0.907 seconds
Domain Reload Profiling:
	ReloadAssembly (907ms)
		BeginReloadAssembly (111ms)
			ExecutionOrderSort (0ms)
			DisableScriptedObjects (5ms)
			BackupInstance (0ms)
			ReleaseScriptingObjects (0ms)
			CreateAndSetChildDomain (32ms)
		EndReloadAssembly (739ms)
			LoadAssemblies (81ms)
			RebuildTransferFunctionScriptingTraits (0ms)
			SetupTypeCache (259ms)
			ReleaseScriptCaches (1ms)
			RebuildScriptCaches (40ms)
			SetupLoadedEditorAssemblies (269ms)
				LogAssemblyErrors (0ms)
				InitializePlatformSupportModulesInManaged (5ms)
				SetLoadedEditorAssemblies (0ms)
				RefreshPlugins (1ms)
				BeforeProcessingInitializeOnLoad (81ms)
				ProcessInitializeOnLoadAttributes (166ms)
				ProcessInitializeOnLoadMethodAttributes (10ms)
				AfterProcessingInitializeOnLoad (6ms)
				EditorAssembliesLoaded (0ms)
			ExecutionOrderSort2 (0ms)
			AwakeInstancesAfterBackupRestoration (8ms)
Platform modules already initialized, skipping
Refreshing native plugins compatible for Editor in 0.51 ms, found 3 plugins.
Preloading 0 native plugins for Editor in 0.00 ms.
Unloading 2177 Unused Serialized files (Serialized files now loaded: 0)
System memory in use before: 98.2 MB.
System memory in use after: 98.3 MB.

Unloading 17 unused Assets to reduce memory usage. Loaded Objects now: 2694.
Total: 3.528100 ms (FindLiveObjects: 0.306200 ms CreateObjectMapping: 0.098100 ms MarkObjects: 3.098100 ms  DeleteObjects: 0.023700 ms)

AssetImportParameters requested are different than current active one (requested -> active):
  custom:framework-win-MediaFoundation: 216162199b28c13a410421893ffa2e32 -> 
  custom:video-decoder-ogg-theora: a1e56fd34408186e4bbccfd4996cb3dc -> 
  custom:container-muxer-webm: aa71ff27fc2769a1b78a27578f13a17b -> 
  custom:container-demuxer-webm: 4f35f7cbe854078d1ac9338744f61a02 -> 
  custom:container-demuxer-ogg: 62fdf1f143b41e24485cea50d1cbac27 -> 
  custom:video-encoder-webm-vp8: eb34c28f22e8b96e1ab97ce403110664 -> 
  custom:video-decoder-webm-vp8: 9c59270c3fd7afecdb556c50c9e8de78 -> 
  custom:audio-decoder-ogg-vorbis: bf7c407c2cedff20999df2af8eb42d56 -> 
  custom:audio-encoder-webm-vorbis: bf7c407c2cedff20999df2af8eb42d56 -> 
AssetImportWorkerClient::OnTransportError - code=2 error=End of file
